C:\USERS\SHUAI\DESKTOP\CPP\READANDCHECK\READANDCHECK\DEBUG\INTTOSTRING.OBJ
C:\USERS\SHUAI\DESKTOP\CPP\READANDCHECK\READANDCHECK\DEBUG\MYLZMA.OBJ
C:\USERS\SHUAI\DESKTOP\CPP\READANDCHECK\READANDCHECK\DEBUG\MYSTRING.OBJ
C:\USERS\SHUAI\DESKTOP\CPP\READANDCHECK\READANDCHECK\DEBUG\READARCHIVEFILE.OBJ
C:\USERS\SHUAI\DESKTOP\CPP\READANDCHECK\READANDCHECK\DEBUG\STDINSTREAM.OBJ
C:\USERS\SHUAI\DESKTOP\CPP\READANDCHECK\READANDCHECK\DEBUG\STDOUTSTREAM.OBJ
C:\USERS\SHUAI\DESKTOP\CPP\READANDCHECK\READANDCHECK\DEBUG\STRINGCONVERT.OBJ
C:\USERS\SHUAI\DESKTOP\CPP\READANDCHECK\READANDCHECK\DEBUG\UTFCONVERT.OBJ
C:\USERS\SHUAI\DESKTOP\CPP\READANDCHECK\READANDCHECK\DEBUG\VERIFICATION.OBJ
C:\USERS\SHUAI\DESKTOP\CPP\READANDCHECK\READANDCHECK\DEBUG\VC110.PDB
C:\USERS\SHUAI\DESKTOP\CPP\READANDCHECK\DEBUG\READANDCHECK.ILK
C:\USERS\SHUAI\DESKTOP\CPP\READANDCHECK\DEBUG\READANDCHECK.EXE
C:\USERS\SHUAI\DESKTOP\CPP\READANDCHECK\DEBUG\READANDCHECK.PDB
C:\Users\shuai\Desktop\cpp\ReadAndCheck\ReadAndCheck\Debug\IntToString.obj
C:\Users\shuai\Desktop\cpp\ReadAndCheck\ReadAndCheck\Debug\MyLzma.obj
C:\Users\shuai\Desktop\cpp\ReadAndCheck\ReadAndCheck\Debug\MyString.obj
C:\Users\shuai\Desktop\cpp\ReadAndCheck\ReadAndCheck\Debug\ReadArchiveFile.obj
C:\Users\shuai\Desktop\cpp\ReadAndCheck\ReadAndCheck\Debug\StdInStream.obj
C:\Users\shuai\Desktop\cpp\ReadAndCheck\ReadAndCheck\Debug\StdOutStream.obj
C:\Users\shuai\Desktop\cpp\ReadAndCheck\ReadAndCheck\Debug\StringConvert.obj
C:\Users\shuai\Desktop\cpp\ReadAndCheck\ReadAndCheck\Debug\UTFConvert.obj
C:\Users\shuai\Desktop\cpp\ReadAndCheck\ReadAndCheck\Debug\verification.obj
C:\Users\shuai\Desktop\cpp\ReadAndCheck\ReadAndCheck\Debug\cl.command.1.tlog
C:\Users\shuai\Desktop\cpp\ReadAndCheck\ReadAndCheck\Debug\CL.read.1.tlog
C:\Users\shuai\Desktop\cpp\ReadAndCheck\ReadAndCheck\Debug\CL.write.1.tlog
C:\Users\shuai\Desktop\cpp\ReadAndCheck\ReadAndCheck\Debug\link-cvtres.read.1.tlog
C:\Users\shuai\Desktop\cpp\ReadAndCheck\ReadAndCheck\Debug\link-cvtres.write.1.tlog
C:\Users\shuai\Desktop\cpp\ReadAndCheck\ReadAndCheck\Debug\link-rc.read.1.tlog
C:\Users\shuai\Desktop\cpp\ReadAndCheck\ReadAndCheck\Debug\link-rc.write.1.tlog
C:\Users\shuai\Desktop\cpp\ReadAndCheck\ReadAndCheck\Debug\link.6000-cvtres.read.1.tlog
C:\Users\shuai\Desktop\cpp\ReadAndCheck\ReadAndCheck\Debug\link.6000-cvtres.write.1.tlog
C:\Users\shuai\Desktop\cpp\ReadAndCheck\ReadAndCheck\Debug\link.6000-rc.read.1.tlog
C:\Users\shuai\Desktop\cpp\ReadAndCheck\ReadAndCheck\Debug\link.6000-rc.write.1.tlog
C:\Users\shuai\Desktop\cpp\ReadAndCheck\ReadAndCheck\Debug\link.6000.read.1.tlog
C:\Users\shuai\Desktop\cpp\ReadAndCheck\ReadAndCheck\Debug\link.6000.write.1.tlog
C:\Users\shuai\Desktop\cpp\ReadAndCheck\ReadAndCheck\Debug\link.command.1.tlog
C:\Users\shuai\Desktop\cpp\ReadAndCheck\ReadAndCheck\Debug\link.read.1.tlog
C:\Users\shuai\Desktop\cpp\ReadAndCheck\ReadAndCheck\Debug\link.write.1.tlog
C:\Users\shuai\Desktop\cpp\ReadAndCheck\ReadAndCheck\Debug\vc110.idb
C:\Users\shuai\Desktop\cpp\ReadAndCheck\ReadAndCheck\Debug\vc110.pdb
C:\Users\shuai\Desktop\cpp\ReadAndCheck\Debug\ReadAndCheck.pdb
C:\Users\shuai\Desktop\cpp\ReadAndCheck\Debug\ReadAndCheck.exe
C:\Users\shuai\Desktop\cpp\ReadAndCheck\Debug\ReadAndCheck.ilk
