生成启动时间为 5/12/2016 10:03:28 AM。
     1>项目“C:\Users\shuai\Desktop\cpp\ReadAndCheck\ReadAndCheck\ReadAndCheck.vcxproj”在节点 2 上(Build 个目标)。
     1>ClCompile:
         C:\Program Files (x86)\Microsoft Visual Studio 11.0\VC\bin\CL.exe /c /ZI /nologo /W3 /WX- /Od /Oy- /D WIN32 /D _DEBUG /D _CONSOLE /D _UNICODE /D UNICODE /Gm /EHsc /RTC1 /MDd /GS /fp:precise /Zc:wchar_t /Zc:forScope /Fo"Debug\\" /Fd"Debug\vc110.pdb" /Gd /TP /analyze- /errorReport:prompt IntToString.cpp MyLzma.cpp MyString.cpp ReadArchiveFile.cpp StdInStream.cpp StdOutStream.cpp StringConvert.cpp UTFConvert.cpp verification.cpp
         verification.cpp
     1>c:\users\shuai\desktop\cpp\readandcheck\readandcheck\verification.cpp : warning C4819: 该文件包含不能在当前代码页(936)中表示的字符。请将该文件保存为 Unicode 格式以防止数据丢失
     1>c:\users\shuai\desktop\cpp\readandcheck\readandcheck\verification.cpp(129): warning C4101: “myGetTextPassword”: 未引用的局部变量
     1>c:\users\shuai\desktop\cpp\readandcheck\readandcheck\verification.cpp(153): warning C4996: 'strcpy': This function or variable may be unsafe. Consider using strcpy_s instead. To disable deprecation, use _CRT_SECURE_NO_WARNINGS. See online help for details.
                 c:\program files (x86)\microsoft visual studio 11.0\vc\include\string.h(110) : 参见“strcpy”的声明
     1>c:\users\shuai\desktop\cpp\readandcheck\readandcheck\verification.cpp(206): warning C4018: “<”: 有符号/无符号不匹配
     1>c:\users\shuai\desktop\cpp\readandcheck\readandcheck\verification.cpp(216): warning C4018: “<”: 有符号/无符号不匹配
         UTFConvert.cpp
         StringConvert.cpp
         StdOutStream.cpp
     1>c:\users\shuai\desktop\cpp\readandcheck\readandcheck\stdoutstream.cpp(23): warning C4996: 'fopen': This function or variable may be unsafe. Consider using fopen_s instead. To disable deprecation, use _CRT_SECURE_NO_WARNINGS. See online help for details.
                 c:\program files (x86)\microsoft visual studio 11.0\vc\include\stdio.h(218) : 参见“fopen”的声明
         StdInStream.cpp
     1>c:\users\shuai\desktop\cpp\readandcheck\readandcheck\stdinstream.cpp(25): warning C4996: '_wfopen': This function or variable may be unsafe. Consider using _wfopen_s instead. To disable deprecation, use _CRT_SECURE_NO_WARNINGS. See online help for details.
                 c:\program files (x86)\microsoft visual studio 11.0\vc\include\wchar.h(838) : 参见“_wfopen”的声明
         ReadArchiveFile.cpp
     1>c:\users\shuai\desktop\cpp\readandcheck\readandcheck\readarchivefile.cpp : warning C4819: 该文件包含不能在当前代码页(936)中表示的字符。请将该文件保存为 Unicode 格式以防止数据丢失
     1>c:\users\shuai\desktop\cpp\readandcheck\readandcheck\readarchivefile.cpp(49): warning C4293: “<<”: Shift 计数为负或过大，其行为未定义
     1>c:\users\shuai\desktop\cpp\readandcheck\readandcheck\readarchivefile.cpp(65): warning C4996: 'sprintf': This function or variable may be unsafe. Consider using sprintf_s instead. To disable deprecation, use _CRT_SECURE_NO_WARNINGS. See online help for details.
                 c:\program files (x86)\microsoft visual studio 11.0\vc\include\stdio.h(357) : 参见“sprintf”的声明
     1>c:\users\shuai\desktop\cpp\readandcheck\readandcheck\readarchivefile.cpp(80): warning C4101: “cMASK”: 未引用的局部变量
     1>c:\users\shuai\desktop\cpp\readandcheck\readandcheck\readarchivefile.cpp(176): warning C4996: 'fopen': This function or variable may be unsafe. Consider using fopen_s instead. To disable deprecation, use _CRT_SECURE_NO_WARNINGS. See online help for details.
                 c:\program files (x86)\microsoft visual studio 11.0\vc\include\stdio.h(218) : 参见“fopen”的声明
     1>c:\users\shuai\desktop\cpp\readandcheck\readandcheck\readarchivefile.cpp(346): warning C4244: “=”: 从“UInt64”转换到“long”，可能丢失数据
     1>c:\users\shuai\desktop\cpp\readandcheck\readandcheck\readarchivefile.cpp(352): warning C4244: “=”: 从“UInt64”转换到“long”，可能丢失数据
         MyString.cpp
         MyLzma.cpp
     1>c:\users\shuai\desktop\cpp\readandcheck\readandcheck\mylzma.cpp(8): warning C4996: 'fopen': This function or variable may be unsafe. Consider using fopen_s instead. To disable deprecation, use _CRT_SECURE_NO_WARNINGS. See online help for details.
                 c:\program files (x86)\microsoft visual studio 11.0\vc\include\stdio.h(218) : 参见“fopen”的声明
     1>c:\users\shuai\desktop\cpp\readandcheck\readandcheck\mylzma.cpp(13): warning C4996: 'fopen': This function or variable may be unsafe. Consider using fopen_s instead. To disable deprecation, use _CRT_SECURE_NO_WARNINGS. See online help for details.
                 c:\program files (x86)\microsoft visual studio 11.0\vc\include\stdio.h(218) : 参见“fopen”的声明
     1>c:\users\shuai\desktop\cpp\readandcheck\readandcheck\mylzma.cpp(23): warning C4244: “初始化”: 从“double”转换到“size_t”，可能丢失数据
     1>c:\users\shuai\desktop\cpp\readandcheck\readandcheck\mylzma.cpp(61): warning C4996: 'fopen': This function or variable may be unsafe. Consider using fopen_s instead. To disable deprecation, use _CRT_SECURE_NO_WARNINGS. See online help for details.
                 c:\program files (x86)\microsoft visual studio 11.0\vc\include\stdio.h(218) : 参见“fopen”的声明
     1>c:\users\shuai\desktop\cpp\readandcheck\readandcheck\mylzma.cpp(66): warning C4996: 'fopen': This function or variable may be unsafe. Consider using fopen_s instead. To disable deprecation, use _CRT_SECURE_NO_WARNINGS. See online help for details.
                 c:\program files (x86)\microsoft visual studio 11.0\vc\include\stdio.h(218) : 参见“fopen”的声明
     1>c:\users\shuai\desktop\cpp\readandcheck\readandcheck\mylzma.cpp(76): warning C4244: “初始化”: 从“double”转换到“size_t”，可能丢失数据
     1>c:\users\shuai\desktop\cpp\readandcheck\readandcheck\mylzma.cpp(109): warning C4996: 'fopen': This function or variable may be unsafe. Consider using fopen_s instead. To disable deprecation, use _CRT_SECURE_NO_WARNINGS. See online help for details.
                 c:\program files (x86)\microsoft visual studio 11.0\vc\include\stdio.h(218) : 参见“fopen”的声明
     1>c:\users\shuai\desktop\cpp\readandcheck\readandcheck\mylzma.cpp(126): warning C4244: “初始化”: 从“double”转换到“size_t”，可能丢失数据
     1>c:\users\shuai\desktop\cpp\readandcheck\readandcheck\mylzma.cpp(131): warning C4018: “<”: 有符号/无符号不匹配
     1>c:\users\shuai\desktop\cpp\readandcheck\readandcheck\mylzma.cpp(156): warning C4244: “初始化”: 从“double”转换到“size_t”，可能丢失数据
     1>c:\users\shuai\desktop\cpp\readandcheck\readandcheck\mylzma.cpp(159): warning C4018: “<”: 有符号/无符号不匹配
         IntToString.cpp
         正在生成代码...
       Link:
         C:\Program Files (x86)\Microsoft Visual Studio 11.0\VC\bin\link.exe /ERRORREPORT:PROMPT /OUT:"C:\Users\shuai\Desktop\cpp\ReadAndCheck\Debug\ReadAndCheck.exe" /INCREMENTAL /NOLOGO /LIBPATH:"C:\openssl-0.9.8zh\out32dll" ssleay32.lib libeay32.lib kernel32.lib user32.lib gdi32.lib winspool.lib comdlg32.lib advapi32.lib shell32.lib ole32.lib oleaut32.lib uuid.lib odbc32.lib odbccp32.lib /MANIFEST /MANIFESTUAC:"level='asInvoker' uiAccess='false'" /manifest:embed /DEBUG /PDB:"C:\Users\shuai\Desktop\cpp\ReadAndCheck\Debug\ReadAndCheck.pdb" /SUBSYSTEM:CONSOLE /TLBID:1 /DYNAMICBASE /NXCOMPAT /IMPLIB:"C:\Users\shuai\Desktop\cpp\ReadAndCheck\Debug\ReadAndCheck.lib" /MACHINE:X86 Debug\IntToString.obj
         Debug\MyLzma.obj
         Debug\MyString.obj
         Debug\ReadArchiveFile.obj
         Debug\StdInStream.obj
         Debug\StdOutStream.obj
         Debug\StringConvert.obj
         Debug\UTFConvert.obj
         Debug\verification.obj
         LzmaLib.lib
     1>LINK : warning LNK4098: 默认库“LIBCMTD”与其他库的使用冲突；请使用 /NODEFAULTLIB:library
         ReadAndCheck.vcxproj -> C:\Users\shuai\Desktop\cpp\ReadAndCheck\Debug\ReadAndCheck.exe
     1>已完成生成项目“C:\Users\shuai\Desktop\cpp\ReadAndCheck\ReadAndCheck\ReadAndCheck.vcxproj”(Build 个目标)的操作。

生成成功。

已用时间 00:00:06.49
