C:\USERS\SHUAI\DESKTOP\CPP\MYLZMA\MYLZMA\DEBUG\MAIN.OBJ
C:\USERS\SHUAI\DESKTOP\CPP\MYLZMA\MYLZMA\DEBUG\MYLZMA.OBJ
C:\USERS\SHUAI\DESKTOP\CPP\MYLZMA\MYLZMA\DEBUG\VC110.PDB
C:\USERS\SHUAI\DESKTOP\CPP\READANDCHECK\DEBUG\MYLZMA.ILK
C:\USERS\SHUAI\DESKTOP\CPP\READANDCHECK\DEBUG\MYLZMA.EXE
C:\USERS\SHUAI\DESKTOP\CPP\READANDCHECK\DEBUG\MYLZMA.PDB
C:\Users\shuai\Desktop\cpp\MyLZMA\MyLZMA\Debug\Main.obj
C:\Users\shuai\Desktop\cpp\MyLZMA\MyLZMA\Debug\MyLzma.obj
C:\Users\shuai\Desktop\cpp\MyLZMA\MyLZMA\Debug\cl.command.1.tlog
C:\Users\shuai\Desktop\cpp\MyLZMA\MyLZMA\Debug\CL.read.1.tlog
C:\Users\shuai\Desktop\cpp\MyLZMA\MyLZMA\Debug\CL.write.1.tlog
C:\Users\shuai\Desktop\cpp\MyLZMA\MyLZMA\Debug\link-cvtres.read.1.tlog
C:\Users\shuai\Desktop\cpp\MyLZMA\MyLZMA\Debug\link-cvtres.write.1.tlog
C:\Users\shuai\Desktop\cpp\MyLZMA\MyLZMA\Debug\link-rc.read.1.tlog
C:\Users\shuai\Desktop\cpp\MyLZMA\MyLZMA\Debug\link-rc.write.1.tlog
C:\Users\shuai\Desktop\cpp\MyLZMA\MyLZMA\Debug\link.11156-cvtres.read.1.tlog
C:\Users\shuai\Desktop\cpp\MyLZMA\MyLZMA\Debug\link.11156-cvtres.write.1.tlog
C:\Users\shuai\Desktop\cpp\MyLZMA\MyLZMA\Debug\link.11156-rc.read.1.tlog
C:\Users\shuai\Desktop\cpp\MyLZMA\MyLZMA\Debug\link.11156-rc.write.1.tlog
C:\Users\shuai\Desktop\cpp\MyLZMA\MyLZMA\Debug\link.11156.read.1.tlog
C:\Users\shuai\Desktop\cpp\MyLZMA\MyLZMA\Debug\link.11156.write.1.tlog
C:\Users\shuai\Desktop\cpp\MyLZMA\MyLZMA\Debug\link.command.1.tlog
C:\Users\shuai\Desktop\cpp\MyLZMA\MyLZMA\Debug\link.read.1.tlog
C:\Users\shuai\Desktop\cpp\MyLZMA\MyLZMA\Debug\link.write.1.tlog
C:\Users\shuai\Desktop\cpp\MyLZMA\MyLZMA\Debug\vc110.idb
C:\Users\shuai\Desktop\cpp\MyLZMA\MyLZMA\Debug\vc110.pdb
C:\Users\shuai\Desktop\cpp\ReadAndCheck\Debug\MyLZMA.pdb
C:\Users\shuai\Desktop\cpp\ReadAndCheck\Debug\MyLZMA.exe
C:\Users\shuai\Desktop\cpp\ReadAndCheck\Debug\MyLZMA.ilk
