生成启动时间为 5/6/2016 10:50:26 AM。
     1>项目“C:\Users\shuai\Desktop\cpp\MyLZMA\MyLZMA\MyLZMA.vcxproj”在节点 2 上(Build 个目标)。
     1>ClCompile:
         C:\Program Files (x86)\Microsoft Visual Studio 11.0\VC\bin\CL.exe /c /ZI /nologo /W3 /WX- /Od /Oy- /D WIN32 /D _DEBUG /D _CONSOLE /D _UNICODE /D UNICODE /Gm /EHsc /RTC1 /MDd /GS /fp:precise /Zc:wchar_t /Zc:forScope /Fo"Debug\\" /Fd"Debug\vc110.pdb" /Gd /TP /analyze- /errorReport:prompt Main.cpp MyLzma.cpp
         MyLzma.cpp
     1>c:\users\shuai\desktop\cpp\mylzma\mylzma\mylzma.cpp(8): warning C4996: 'fopen': This function or variable may be unsafe. Consider using fopen_s instead. To disable deprecation, use _CRT_SECURE_NO_WARNINGS. See online help for details.
                 c:\program files (x86)\microsoft visual studio 11.0\vc\include\stdio.h(218) : 参见“fopen”的声明
     1>c:\users\shuai\desktop\cpp\mylzma\mylzma\mylzma.cpp(13): warning C4996: 'fopen': This function or variable may be unsafe. Consider using fopen_s instead. To disable deprecation, use _CRT_SECURE_NO_WARNINGS. See online help for details.
                 c:\program files (x86)\microsoft visual studio 11.0\vc\include\stdio.h(218) : 参见“fopen”的声明
     1>c:\users\shuai\desktop\cpp\mylzma\mylzma\mylzma.cpp(23): warning C4244: “初始化”: 从“double”转换到“size_t”，可能丢失数据
     1>c:\users\shuai\desktop\cpp\mylzma\mylzma\mylzma.cpp(61): warning C4996: 'fopen': This function or variable may be unsafe. Consider using fopen_s instead. To disable deprecation, use _CRT_SECURE_NO_WARNINGS. See online help for details.
                 c:\program files (x86)\microsoft visual studio 11.0\vc\include\stdio.h(218) : 参见“fopen”的声明
     1>c:\users\shuai\desktop\cpp\mylzma\mylzma\mylzma.cpp(66): warning C4996: 'fopen': This function or variable may be unsafe. Consider using fopen_s instead. To disable deprecation, use _CRT_SECURE_NO_WARNINGS. See online help for details.
                 c:\program files (x86)\microsoft visual studio 11.0\vc\include\stdio.h(218) : 参见“fopen”的声明
     1>c:\users\shuai\desktop\cpp\mylzma\mylzma\mylzma.cpp(76): warning C4244: “初始化”: 从“double”转换到“size_t”，可能丢失数据
     1>c:\users\shuai\desktop\cpp\mylzma\mylzma\mylzma.cpp(108): warning C4996: 'fopen': This function or variable may be unsafe. Consider using fopen_s instead. To disable deprecation, use _CRT_SECURE_NO_WARNINGS. See online help for details.
                 c:\program files (x86)\microsoft visual studio 11.0\vc\include\stdio.h(218) : 参见“fopen”的声明
     1>c:\users\shuai\desktop\cpp\mylzma\mylzma\mylzma.cpp(113): warning C4996: 'fopen': This function or variable may be unsafe. Consider using fopen_s instead. To disable deprecation, use _CRT_SECURE_NO_WARNINGS. See online help for details.
                 c:\program files (x86)\microsoft visual studio 11.0\vc\include\stdio.h(218) : 参见“fopen”的声明
     1>c:\users\shuai\desktop\cpp\mylzma\mylzma\mylzma.cpp(124): warning C4244: “初始化”: 从“double”转换到“size_t”，可能丢失数据
     1>c:\users\shuai\desktop\cpp\mylzma\mylzma\mylzma.cpp(129): warning C4018: “<”: 有符号/无符号不匹配
         Main.cpp
         正在生成代码...
       Link:
         C:\Program Files (x86)\Microsoft Visual Studio 11.0\VC\bin\link.exe /ERRORREPORT:PROMPT /OUT:"C:\Users\shuai\Desktop\cpp\MyLZMA\Debug\MyLZMA.exe" /INCREMENTAL /NOLOGO kernel32.lib user32.lib gdi32.lib winspool.lib comdlg32.lib advapi32.lib shell32.lib ole32.lib oleaut32.lib uuid.lib odbc32.lib odbccp32.lib /MANIFEST /MANIFESTUAC:"level='asInvoker' uiAccess='false'" /manifest:embed /DEBUG /PDB:"C:\Users\shuai\Desktop\cpp\MyLZMA\Debug\MyLZMA.pdb" /SUBSYSTEM:CONSOLE /TLBID:1 /DYNAMICBASE /NXCOMPAT /IMPLIB:"C:\Users\shuai\Desktop\cpp\MyLZMA\Debug\MyLZMA.lib" /MACHINE:X86 Debug\Main.obj
         Debug\MyLzma.obj
         "..\..\..\7z1514-src\C\Util\LzmaLib\Debug\LzmaLib.lib"
     1>LINK : warning LNK4098: 默认库“LIBCMTD”与其他库的使用冲突；请使用 /NODEFAULTLIB:library
         MyLZMA.vcxproj -> C:\Users\shuai\Desktop\cpp\MyLZMA\Debug\MyLZMA.exe
     1>已完成生成项目“C:\Users\shuai\Desktop\cpp\MyLZMA\MyLZMA\MyLZMA.vcxproj”(Build 个目标)的操作。

生成成功。

已用时间 00:00:01.33
